<?xml version="1.0" encoding="UTF-8"?>
<!-- Generated by org.testng.reporters.JUnitReportReporter -->
<testsuite hostname="LAPTOP-FLP0L0O8" failures="0" tests="1" name="testNGpack2.DemoTest5" time="0.012" errors="0" timestamp="2023-05-23T10:00:56 IST" skipped="0">
  <testcase classname="testNGpack2.DemoTest5" name="r" time="0.012"/>
  <system-out>
    <![CDATA[r method from Demotest5]]>
  </system-out>
</testsuite> <!-- testNGpack2.DemoTest5 -->
