<?xml version="1.0" encoding="UTF-8"?>
<!-- Generated by org.testng.reporters.JUnitReportReporter -->
<testsuite hostname="LAPTOP-FLP0L0O8" failures="0" tests="2" name="testNGFlags.Falag2" time="0.010" errors="0" timestamp="2023-05-26T10:11:04 IST" skipped="1">
  <testcase classname="testNGFlags.Falag2" name="method2" time="0.010"/>
  <system-out>
    <![CDATA[Logout performed!!]]>
  </system-out>
  <testcase classname="testNGFlags.Falag2" name="method1">
    <skipped/>
  </testcase> <!-- method1 -->
  <system-out/>
</testsuite> <!-- testNGFlags.Falag2 -->
