<?xml version="1.0" encoding="UTF-8"?>
<!-- Generated by org.testng.reporters.JUnitReportReporter -->
<testsuite hostname="LAPTOP-FLP0L0O8" failures="0" tests="3" name="testNGpack2.demoTest4" time="0.009" errors="0" timestamp="2023-05-23T10:00:37 IST" skipped="0">
  <testcase classname="testNGpack2.demoTest4" name="s" time="0.003"/>
  <system-out>
    <![CDATA[s method from demotest4]]>
  </system-out>
  <testcase classname="testNGpack2.demoTest4" name="t" time="0.002"/>
  <system-out>
    <![CDATA[t method from demotest4]]>
  </system-out>
  <testcase classname="testNGpack2.demoTest4" name="u" time="0.004"/>
  <system-out>
    <![CDATA[u method from demotest4]]>
  </system-out>
</testsuite> <!-- testNGpack2.demoTest4 -->
