<?xml version="1.0" encoding="UTF-8"?>
<!-- Generated by org.testng.reporters.JUnitReportReporter -->
<testsuite hostname="LAPTOP-FLP0L0O8" failures="0" tests="1" name="testNGPackage.Demo" time="0.009" errors="0" timestamp="2023-05-22T19:22:59 IST" skipped="0">
  <testcase classname="testNGPackage.Demo" name="f" time="0.009"/>
  <system-out>
    <![CDATA[hii TestNG!!!!]]>
  </system-out>
</testsuite> <!-- testNGPackage.Demo -->
