<?xml version="1.0" encoding="UTF-8"?>
<!-- Generated by org.testng.reporters.JUnitReportReporter -->
<testsuite hostname="LAPTOP-FLP0L0O8" failures="0" tests="3" name="testNGFlags.Flag5" time="0.016" errors="0" timestamp="2023-05-26T10:58:16 IST" skipped="0">
  <testcase classname="testNGFlags.Flag5" name="createuser" time="0.005"/>
  <system-out>
    <![CDATA[user created]]>
  </system-out>
  <testcase classname="testNGFlags.Flag5" name="logoutmethod" time="0.002"/>
  <system-out>
    <![CDATA[logout performed]]>
  </system-out>
  <testcase classname="testNGFlags.Flag5" name="loginmethod" time="0.009"/>
  <system-out>
    <![CDATA[login performed]]>
  </system-out>
</testsuite> <!-- testNGFlags.Flag5 -->
