<?xml version="1.0" encoding="UTF-8"?>
<!-- Generated by org.testng.reporters.JUnitReportReporter -->
<testsuite hostname="LAPTOP-FLP0L0O8" failures="0" tests="2" name="testNGAnnotations.Annotations" time="0.015" errors="0" timestamp="2023-05-23T10:15:38 IST" skipped="0">
  <testcase classname="testNGAnnotations.Annotations" name="testMethod" time="0.007"/>
  <system-out>
    <![CDATA[test annotations2]]>
  </system-out>
  <testcase classname="testNGAnnotations.Annotations" name="f" time="0.008"/>
  <system-out>
    <![CDATA[test annotations]]>
  </system-out>
</testsuite> <!-- testNGAnnotations.Annotations -->
