<?xml version="1.0" encoding="UTF-8"?>
<!-- Generated by org.testng.reporters.JUnitReportReporter -->
<testsuite hostname="LAPTOP-FLP0L0O8" failures="0" tests="1" name="testNGpack2.Test5" time="13.278" errors="0" timestamp="2023-05-24T09:59:35 IST" skipped="0">
  <testcase classname="testNGpack2.Test5" name="f" time="13.278"/>
  <system-out/>
</testsuite> <!-- testNGpack2.Test5 -->
