<?xml version="1.0" encoding="UTF-8"?>
<!-- Generated by org.testng.reporters.JUnitReportReporter -->
<testsuite hostname="LAPTOP-FLP0L0O8" failures="0" tests="18" name="testNGFlags.Flag7" time="0.045" errors="0" timestamp="2023-05-27T09:46:28 IST" skipped="0">
  <testcase classname="testNGFlags.Flag7" name="st3" time="0.001"/>
  <system-out>
    <![CDATA[stc3]]>
  </system-out>
  <testcase classname="testNGFlags.Flag7" name="It6" time="0.006"/>
  <system-out>
    <![CDATA[itc6]]>
  </system-out>
  <testcase classname="testNGFlags.Flag7" name="ft1" time="0.002"/>
  <system-out>
    <![CDATA[ftc1]]>
  </system-out>
  <testcase classname="testNGFlags.Flag7" name="it3" time="0.002"/>
  <system-out>
    <![CDATA[ITC3]]>
  </system-out>
  <testcase classname="testNGFlags.Flag7" name="St4" time="0.003"/>
  <system-out>
    <![CDATA[STC4]]>
  </system-out>
  <testcase classname="testNGFlags.Flag7" name="ft4" time="0.001"/>
  <system-out>
    <![CDATA[ftc4]]>
  </system-out>
  <testcase classname="testNGFlags.Flag7" name="st2" time="0.000"/>
  <system-out>
    <![CDATA[stc2]]>
  </system-out>
  <testcase classname="testNGFlags.Flag7" name="ft3" time="0.001"/>
  <system-out>
    <![CDATA[ftc3]]>
  </system-out>
  <testcase classname="testNGFlags.Flag7" name="st6" time="0.002"/>
  <system-out>
    <![CDATA[stc6]]>
  </system-out>
  <testcase classname="testNGFlags.Flag7" name="st1" time="0.002"/>
  <system-out>
    <![CDATA[stc1]]>
  </system-out>
  <testcase classname="testNGFlags.Flag7" name="ft5" time="0.000"/>
  <system-out>
    <![CDATA[ftc5]]>
  </system-out>
  <testcase classname="testNGFlags.Flag7" name="it1" time="0.002"/>
  <system-out>
    <![CDATA[Itc1]]>
  </system-out>
  <testcase classname="testNGFlags.Flag7" name="ft6" time="0.001"/>
  <system-out>
    <![CDATA[ftc6]]>
  </system-out>
  <testcase classname="testNGFlags.Flag7" name="it5" time="0.003"/>
  <system-out>
    <![CDATA[ITC5]]>
  </system-out>
  <testcase classname="testNGFlags.Flag7" name="ft2" time="0.001"/>
  <system-out>
    <![CDATA[ftc2]]>
  </system-out>
  <testcase classname="testNGFlags.Flag7" name="It4" time="0.015"/>
  <system-out>
    <![CDATA[ITC4]]>
  </system-out>
  <testcase classname="testNGFlags.Flag7" name="it2" time="0.001"/>
  <system-out>
    <![CDATA[Itc2]]>
  </system-out>
  <testcase classname="testNGFlags.Flag7" name="st5" time="0.002"/>
  <system-out>
    <![CDATA[stc5]]>
  </system-out>
</testsuite> <!-- testNGFlags.Flag7 -->
