<?xml version="1.0" encoding="UTF-8"?>
<!-- Generated by org.testng.reporters.JUnitReportReporter -->
<testsuite hostname="LAPTOP-FLP0L0O8" failures="0" tests="3" name="testNGpack2.DemoTest3" time="0.011" errors="0" timestamp="2023-05-23T09:40:52 IST" skipped="0">
  <testcase classname="testNGpack2.DemoTest3" name="g" time="0.009"/>
  <system-out>
    <![CDATA[g method from DemoTest3]]>
  </system-out>
  <testcase classname="testNGpack2.DemoTest3" name="i" time="0.001"/>
  <system-out>
    <![CDATA[i method from DemoTest3]]>
  </system-out>
  <testcase classname="testNGpack2.DemoTest3" name="h" time="0.001"/>
  <system-out>
    <![CDATA[h method from DemoTest3]]>
  </system-out>
</testsuite> <!-- testNGpack2.DemoTest3 -->
