<?xml version="1.0" encoding="UTF-8"?>
<!-- Generated by org.testng.reporters.JUnitReportReporter -->
<testsuite hostname="LAPTOP-FLP0L0O8" failures="0" tests="2" name="testNGPackage.MethodExecution" time="0.015" errors="0" timestamp="2023-05-24T10:20:56 IST" skipped="0">
  <testcase classname="testNGPackage.MethodExecution" name="method2" time="0.008"/>
  <system-out>
    <![CDATA[18 : is the thread of method
method 2]]>
  </system-out>
  <testcase classname="testNGPackage.MethodExecution" name="method1" time="0.007"/>
  <system-out>
    <![CDATA[17 : is the thread of method
method 1]]>
  </system-out>
</testsuite> <!-- testNGPackage.MethodExecution -->
