<?xml version="1.0" encoding="UTF-8"?>
<!-- Generated by org.testng.reporters.JUnitReportReporter -->
<testsuite hostname="LAPTOP-FLP0L0O8" failures="0" tests="1" name="testNGpack2.DemoTest2" time="0.010" errors="0" timestamp="2023-05-23T09:46:53 IST" skipped="0">
  <testcase classname="testNGpack2.DemoTest2" name="f1" time="0.010"/>
  <system-out>
    <![CDATA[f1 method from DemoTest3]]>
  </system-out>
</testsuite> <!-- testNGpack2.DemoTest2 -->
