<?xml version="1.0" encoding="UTF-8"?>
<!-- Generated by org.testng.reporters.JUnitReportReporter -->
<testsuite hostname="LAPTOP-FLP0L0O8" failures="0" tests="1" name="testNGFlags.Flag1" time="0.015" errors="0" timestamp="2023-05-26T09:52:47 IST" skipped="0">
  <testcase classname="testNGFlags.Flag1" name="method1" time="0.015"/>
  <system-out>
    <![CDATA[method 1 login!!!!]]>
  </system-out>
</testsuite> <!-- testNGFlags.Flag1 -->
