<?xml version="1.0" encoding="UTF-8"?>
<!-- Generated by org.testng.reporters.JUnitReportReporter -->
<testsuite hostname="LAPTOP-FLP0L0O8" failures="0" tests="3" name="testNGpack2.DemoTest6" time="0.007" errors="0" timestamp="2023-05-23T10:00:37 IST" skipped="0">
  <testcase classname="testNGpack2.DemoTest6" name="f" time="0.001"/>
  <system-out>
    <![CDATA[f method from DemoTest6]]>
  </system-out>
  <testcase classname="testNGpack2.DemoTest6" name="i" time="0.004"/>
  <system-out>
    <![CDATA[i method from DemoTest6]]>
  </system-out>
  <testcase classname="testNGpack2.DemoTest6" name="h" time="0.002"/>
  <system-out>
    <![CDATA[h method from DemoTest6]]>
  </system-out>
</testsuite> <!-- testNGpack2.DemoTest6 -->
