<?xml version="1.0" encoding="UTF-8"?>
<!-- Generated by org.testng.reporters.JUnitReportReporter -->
<testsuite hostname="LAPTOP-FLP0L0O8" failures="0" tests="1" name="testNGpack2.Test4" time="15.554" errors="0" timestamp="2023-05-24T09:59:35 IST" skipped="0">
  <testcase classname="testNGpack2.Test4" name="f" time="15.554"/>
  <system-out/>
</testsuite> <!-- testNGpack2.Test4 -->
