<?xml version="1.0" encoding="UTF-8"?>
<!-- Generated by org.testng.reporters.JUnitReportReporter -->
<testsuite hostname="LAPTOP-FLP0L0O8" failures="0" tests="3" name="testNGpack2.DemoTest1" time="0.007" errors="0" timestamp="2023-05-23T09:40:52 IST" skipped="0">
  <testcase classname="testNGpack2.DemoTest1" name="a" time="0.000"/>
  <system-out>
    <![CDATA[a method from DemoTest3]]>
  </system-out>
  <testcase classname="testNGpack2.DemoTest1" name="b" time="0.002"/>
  <system-out>
    <![CDATA[b method from DemoTest3]]>
  </system-out>
  <testcase classname="testNGpack2.DemoTest1" name="c" time="0.005"/>
  <system-out>
    <![CDATA[c method from DemoTest3]]>
  </system-out>
</testsuite> <!-- testNGpack2.DemoTest1 -->
