<?xml version="1.0" encoding="UTF-8"?>
<!-- Generated by org.testng.reporters.JUnitReportReporter -->
<testsuite hostname="LAPTOP-FLP0L0O8" failures="0" tests="1" name="testNGPackage.Sumo" time="0.004" errors="0" timestamp="2023-05-22T19:22:59 IST" skipped="0">
  <testcase classname="testNGPackage.Sumo" name="f" time="0.004"/>
  <system-out>
    <![CDATA[where is selenium]]>
  </system-out>
</testsuite> <!-- testNGPackage.Sumo -->
