<?xml version="1.0" encoding="UTF-8"?>
<!-- Generated by org.testng.reporters.JUnitReportReporter -->
<testsuite hostname="LAPTOP-FLP0L0O8" failures="0" tests="1" name="testNGPackage.Remo" time="0.001" errors="0" timestamp="2023-05-22T19:22:59 IST" skipped="0">
  <testcase classname="testNGPackage.Remo" name="f" time="0.001"/>
  <system-out>
    <![CDATA[heyy Java]]>
  </system-out>
</testsuite> <!-- testNGPackage.Remo -->
