<?xml version="1.0" encoding="UTF-8"?>
<!-- Generated by org.testng.reporters.JUnitReportReporter -->
<testsuite hostname="LAPTOP-FLP0L0O8" failures="0" tests="1" name="testNGpack2.Test3" time="18.079" errors="0" timestamp="2023-05-22T19:26:04 IST" skipped="0">
  <testcase classname="testNGpack2.Test3" name="f" time="18.079"/>
  <system-out/>
</testsuite> <!-- testNGpack2.Test3 -->
